<?xml version="1.0" encoding="UTF-8"?>
<!-- Generated by org.testng.reporters.JUnitReportReporter -->
<testsuite hostname="LAPTOP-QFO71BU4" failures="0" tests="1" name="com.Selenium.WebDriver.ThreadLocalDriver" time="13.389" errors="0" timestamp="2024-08-15T19:52:40 IST" skipped="0">
  <testcase classname="com.Selenium.WebDriver.ThreadLocalDriver" name="runTest" time="13.389"/>
  <system-out/>
</testsuite> <!-- com.Selenium.WebDriver.ThreadLocalDriver -->
